<?xml version="1.0" encoding="UTF-8" ?>
<testsuite tests="3" failures="0" name="com.siphyc.test.endpoints.EndpointExampleTest" time="2.886" errors="0" skipped="0">
  <properties>
[...]
</properties>
  <testcase classname="com.siphyc.test.endpoints.EndpointExampleTest" name="AndroidResourceDeleteTest" time="1.449"/>
  <testcase classname="com.siphyc.test.endpoints.EndpointExampleTest" name="AndroidResourceGETTest" time="0.676"/>
  <testcase classname="com.siphyc.test.endpoints.EndpointExampleTest" name="AndroidResourcePOSTTest" time="0.271"/>
</testsuite>